<?xml version="1.0" encoding="UTF-8"?>
<testng-results ignored="0" total="1" passed="1" failed="0" skipped="0">
  <reporter-output>
  </reporter-output>
  <suite started-at="2023-08-11T18:57:55 IST" name="Default suite" finished-at="2023-08-11T18:57:59 IST" duration-ms="4230">
    <groups>
    </groups>
    <test started-at="2023-08-11T18:57:55 IST" name="Default test" finished-at="2023-08-11T18:57:59 IST" duration-ms="4230">
      <class name="Spotify.GetUserProfileId">
        <test-method signature="getUserId()[pri:0, instance:Spotify.GetUserProfileId@6fd83fc1]" started-at="2023-08-11T18:57:55 IST" name="getUserId" finished-at="2023-08-11T18:57:59 IST" duration-ms="4067" status="PASS">
          <reporter-output>
          </reporter-output>
        </test-method> <!-- getUserId -->
      </class> <!-- Spotify.GetUserProfileId -->
    </test> <!-- Default test -->
  </suite> <!-- Default suite -->
</testng-results>
